<?xml version="1.0" encoding="UTF-8"?>
<testsuite xmlns:xsi="http://www.w3.org/2001/XMLSchema-instance" xsi:noNamespaceSchemaLocation="https://maven.apache.org/surefire/maven-surefire-plugin/xsd/surefire-test-report-3.0.xsd" version="3.0" name="TestSuite" time="136.42" tests="1" errors="0" skipped="0" failures="0">
  <properties>
    <property name="sun.desktop" value="windows"/>
    <property name="awt.toolkit" value="sun.awt.windows.WToolkit"/>
    <property name="file.encoding.pkg" value="sun.io"/>
    <property name="java.specification.version" value="1.8"/>
    <property name="sun.cpu.isalist" value="amd64"/>
    <property name="sun.jnu.encoding" value="Cp1252"/>
    <property name="java.class.path" value="C:\Selenium\MobileTesting\target\test-classes;C:\Selenium\MobileTesting\target\classes;C:\bin\.m2\repository\org\seleniumhq\selenium\selenium-java\3.141.59\selenium-java-3.141.59.jar;C:\bin\.m2\repository\org\seleniumhq\selenium\selenium-chrome-driver\3.141.59\selenium-chrome-driver-3.141.59.jar;C:\bin\.m2\repository\org\seleniumhq\selenium\selenium-edge-driver\3.141.59\selenium-edge-driver-3.141.59.jar;C:\bin\.m2\repository\org\seleniumhq\selenium\selenium-firefox-driver\3.141.59\selenium-firefox-driver-3.141.59.jar;C:\bin\.m2\repository\org\seleniumhq\selenium\selenium-ie-driver\3.141.59\selenium-ie-driver-3.141.59.jar;C:\bin\.m2\repository\org\seleniumhq\selenium\selenium-opera-driver\3.141.59\selenium-opera-driver-3.141.59.jar;C:\bin\.m2\repository\org\seleniumhq\selenium\selenium-remote-driver\3.141.59\selenium-remote-driver-3.141.59.jar;C:\bin\.m2\repository\org\seleniumhq\selenium\selenium-safari-driver\3.141.59\selenium-safari-driver-3.141.59.jar;C:\bin\.m2\repository\org\seleniumhq\selenium\selenium-support\3.141.59\selenium-support-3.141.59.jar;C:\bin\.m2\repository\net\bytebuddy\byte-buddy\1.8.15\byte-buddy-1.8.15.jar;C:\bin\.m2\repository\org\apache\commons\commons-exec\1.3\commons-exec-1.3.jar;C:\bin\.m2\repository\com\google\guava\guava\25.0-jre\guava-25.0-jre.jar;C:\bin\.m2\repository\com\google\code\findbugs\jsr305\1.3.9\jsr305-1.3.9.jar;C:\bin\.m2\repository\org\checkerframework\checker-compat-qual\2.0.0\checker-compat-qual-2.0.0.jar;C:\bin\.m2\repository\com\google\errorprone\error_prone_annotations\2.1.3\error_prone_annotations-2.1.3.jar;C:\bin\.m2\repository\com\google\j2objc\j2objc-annotations\1.1\j2objc-annotations-1.1.jar;C:\bin\.m2\repository\org\codehaus\mojo\animal-sniffer-annotations\1.14\animal-sniffer-annotations-1.14.jar;C:\bin\.m2\repository\com\squareup\okhttp3\okhttp\3.11.0\okhttp-3.11.0.jar;C:\bin\.m2\repository\com\squareup\okio\okio\1.14.0\okio-1.14.0.jar;C:\bin\.m2\repository\org\seleniumhq\selenium\selenium-api\3.141.59\selenium-api-3.141.59.jar;C:\bin\.m2\repository\org\testng\testng\7.1.0\testng-7.1.0.jar;C:\bin\.m2\repository\com\beust\jcommander\1.72\jcommander-1.72.jar;C:\bin\.m2\repository\com\google\inject\guice\4.1.0\guice-4.1.0-no_aop.jar;C:\bin\.m2\repository\javax\inject\javax.inject\1\javax.inject-1.jar;C:\bin\.m2\repository\aopalliance\aopalliance\1.0\aopalliance-1.0.jar;C:\bin\.m2\repository\org\yaml\snakeyaml\1.21\snakeyaml-1.21.jar;C:\bin\.m2\repository\io\appium\java-client\7.6.0\java-client-7.6.0.jar;C:\bin\.m2\repository\com\google\code\gson\gson\2.8.8\gson-2.8.8.jar;C:\bin\.m2\repository\org\apache\httpcomponents\httpclient\4.5.13\httpclient-4.5.13.jar;C:\bin\.m2\repository\org\apache\httpcomponents\httpcore\4.4.13\httpcore-4.4.13.jar;C:\bin\.m2\repository\commons-logging\commons-logging\1.2\commons-logging-1.2.jar;C:\bin\.m2\repository\commons-codec\commons-codec\1.11\commons-codec-1.11.jar;C:\bin\.m2\repository\cglib\cglib\3.3.0\cglib-3.3.0.jar;C:\bin\.m2\repository\org\ow2\asm\asm\7.1\asm-7.1.jar;C:\bin\.m2\repository\commons-validator\commons-validator\1.7\commons-validator-1.7.jar;C:\bin\.m2\repository\commons-beanutils\commons-beanutils\1.9.4\commons-beanutils-1.9.4.jar;C:\bin\.m2\repository\commons-digester\commons-digester\2.1\commons-digester-2.1.jar;C:\bin\.m2\repository\commons-collections\commons-collections\3.2.2\commons-collections-3.2.2.jar;C:\bin\.m2\repository\org\apache\commons\commons-lang3\3.12.0\commons-lang3-3.12.0.jar;C:\bin\.m2\repository\commons-io\commons-io\2.11.0\commons-io-2.11.0.jar;C:\bin\.m2\repository\org\springframework\spring-context\5.3.10\spring-context-5.3.10.jar;C:\bin\.m2\repository\org\springframework\spring-aop\5.3.10\spring-aop-5.3.10.jar;C:\bin\.m2\repository\org\springframework\spring-beans\5.3.10\spring-beans-5.3.10.jar;C:\bin\.m2\repository\org\springframework\spring-core\5.3.10\spring-core-5.3.10.jar;C:\bin\.m2\repository\org\springframework\spring-jcl\5.3.10\spring-jcl-5.3.10.jar;C:\bin\.m2\repository\org\springframework\spring-expression\5.3.10\spring-expression-5.3.10.jar;C:\bin\.m2\repository\org\aspectj\aspectjweaver\1.9.7\aspectjweaver-1.9.7.jar;C:\bin\.m2\repository\org\slf4j\slf4j-api\1.7.32\slf4j-api-1.7.32.jar;C:\bin\.m2\repository\com\aventstack\extentreports\5.0.1\extentreports-5.0.1.jar;C:\bin\.m2\repository\io\reactivex\rxjava3\rxjava\3.0.4\rxjava-3.0.4.jar;C:\bin\.m2\repository\org\reactivestreams\reactive-streams\1.0.3\reactive-streams-1.0.3.jar;C:\bin\.m2\repository\org\freemarker\freemarker\2.3.30\freemarker-2.3.30.jar;C:\bin\.m2\repository\org\projectlombok\lombok\1.18.12\lombok-1.18.12.jar;"/>
    <property name="java.vm.vendor" value="Oracle Corporation"/>
    <property name="sun.arch.data.model" value="64"/>
    <property name="user.variant" value=""/>
    <property name="java.vendor.url" value="http://java.oracle.com/"/>
    <property name="user.timezone" value="Asia/Calcutta"/>
    <property name="java.vm.specification.version" value="1.8"/>
    <property name="os.name" value="Windows 10"/>
    <property name="user.country" value="IN"/>
    <property name="sun.java.launcher" value="SUN_STANDARD"/>
    <property name="sun.boot.library.path" value="C:\Program Files\Java\jdk1.8.0_161\jre\bin"/>
    <property name="sun.java.command" value="C:\Users\mrao2\AppData\Local\Temp\surefire4281956229920646802\surefirebooter7571355788076267778.jar C:\Users\mrao2\AppData\Local\Temp\surefire4281956229920646802 2022-05-15T00-00-54_247-jvmRun1 surefire4325406220442670518tmp surefire_02234746848068683657tmp"/>
    <property name="surefire.test.class.path" value="C:\Selenium\MobileTesting\target\test-classes;C:\Selenium\MobileTesting\target\classes;C:\bin\.m2\repository\org\seleniumhq\selenium\selenium-java\3.141.59\selenium-java-3.141.59.jar;C:\bin\.m2\repository\org\seleniumhq\selenium\selenium-chrome-driver\3.141.59\selenium-chrome-driver-3.141.59.jar;C:\bin\.m2\repository\org\seleniumhq\selenium\selenium-edge-driver\3.141.59\selenium-edge-driver-3.141.59.jar;C:\bin\.m2\repository\org\seleniumhq\selenium\selenium-firefox-driver\3.141.59\selenium-firefox-driver-3.141.59.jar;C:\bin\.m2\repository\org\seleniumhq\selenium\selenium-ie-driver\3.141.59\selenium-ie-driver-3.141.59.jar;C:\bin\.m2\repository\org\seleniumhq\selenium\selenium-opera-driver\3.141.59\selenium-opera-driver-3.141.59.jar;C:\bin\.m2\repository\org\seleniumhq\selenium\selenium-remote-driver\3.141.59\selenium-remote-driver-3.141.59.jar;C:\bin\.m2\repository\org\seleniumhq\selenium\selenium-safari-driver\3.141.59\selenium-safari-driver-3.141.59.jar;C:\bin\.m2\repository\org\seleniumhq\selenium\selenium-support\3.141.59\selenium-support-3.141.59.jar;C:\bin\.m2\repository\net\bytebuddy\byte-buddy\1.8.15\byte-buddy-1.8.15.jar;C:\bin\.m2\repository\org\apache\commons\commons-exec\1.3\commons-exec-1.3.jar;C:\bin\.m2\repository\com\google\guava\guava\25.0-jre\guava-25.0-jre.jar;C:\bin\.m2\repository\com\google\code\findbugs\jsr305\1.3.9\jsr305-1.3.9.jar;C:\bin\.m2\repository\org\checkerframework\checker-compat-qual\2.0.0\checker-compat-qual-2.0.0.jar;C:\bin\.m2\repository\com\google\errorprone\error_prone_annotations\2.1.3\error_prone_annotations-2.1.3.jar;C:\bin\.m2\repository\com\google\j2objc\j2objc-annotations\1.1\j2objc-annotations-1.1.jar;C:\bin\.m2\repository\org\codehaus\mojo\animal-sniffer-annotations\1.14\animal-sniffer-annotations-1.14.jar;C:\bin\.m2\repository\com\squareup\okhttp3\okhttp\3.11.0\okhttp-3.11.0.jar;C:\bin\.m2\repository\com\squareup\okio\okio\1.14.0\okio-1.14.0.jar;C:\bin\.m2\repository\org\seleniumhq\selenium\selenium-api\3.141.59\selenium-api-3.141.59.jar;C:\bin\.m2\repository\org\testng\testng\7.1.0\testng-7.1.0.jar;C:\bin\.m2\repository\com\beust\jcommander\1.72\jcommander-1.72.jar;C:\bin\.m2\repository\com\google\inject\guice\4.1.0\guice-4.1.0-no_aop.jar;C:\bin\.m2\repository\javax\inject\javax.inject\1\javax.inject-1.jar;C:\bin\.m2\repository\aopalliance\aopalliance\1.0\aopalliance-1.0.jar;C:\bin\.m2\repository\org\yaml\snakeyaml\1.21\snakeyaml-1.21.jar;C:\bin\.m2\repository\io\appium\java-client\7.6.0\java-client-7.6.0.jar;C:\bin\.m2\repository\com\google\code\gson\gson\2.8.8\gson-2.8.8.jar;C:\bin\.m2\repository\org\apache\httpcomponents\httpclient\4.5.13\httpclient-4.5.13.jar;C:\bin\.m2\repository\org\apache\httpcomponents\httpcore\4.4.13\httpcore-4.4.13.jar;C:\bin\.m2\repository\commons-logging\commons-logging\1.2\commons-logging-1.2.jar;C:\bin\.m2\repository\commons-codec\commons-codec\1.11\commons-codec-1.11.jar;C:\bin\.m2\repository\cglib\cglib\3.3.0\cglib-3.3.0.jar;C:\bin\.m2\repository\org\ow2\asm\asm\7.1\asm-7.1.jar;C:\bin\.m2\repository\commons-validator\commons-validator\1.7\commons-validator-1.7.jar;C:\bin\.m2\repository\commons-beanutils\commons-beanutils\1.9.4\commons-beanutils-1.9.4.jar;C:\bin\.m2\repository\commons-digester\commons-digester\2.1\commons-digester-2.1.jar;C:\bin\.m2\repository\commons-collections\commons-collections\3.2.2\commons-collections-3.2.2.jar;C:\bin\.m2\repository\org\apache\commons\commons-lang3\3.12.0\commons-lang3-3.12.0.jar;C:\bin\.m2\repository\commons-io\commons-io\2.11.0\commons-io-2.11.0.jar;C:\bin\.m2\repository\org\springframework\spring-context\5.3.10\spring-context-5.3.10.jar;C:\bin\.m2\repository\org\springframework\spring-aop\5.3.10\spring-aop-5.3.10.jar;C:\bin\.m2\repository\org\springframework\spring-beans\5.3.10\spring-beans-5.3.10.jar;C:\bin\.m2\repository\org\springframework\spring-core\5.3.10\spring-core-5.3.10.jar;C:\bin\.m2\repository\org\springframework\spring-jcl\5.3.10\spring-jcl-5.3.10.jar;C:\bin\.m2\repository\org\springframework\spring-expression\5.3.10\spring-expression-5.3.10.jar;C:\bin\.m2\repository\org\aspectj\aspectjweaver\1.9.7\aspectjweaver-1.9.7.jar;C:\bin\.m2\repository\org\slf4j\slf4j-api\1.7.32\slf4j-api-1.7.32.jar;C:\bin\.m2\repository\com\aventstack\extentreports\5.0.1\extentreports-5.0.1.jar;C:\bin\.m2\repository\io\reactivex\rxjava3\rxjava\3.0.4\rxjava-3.0.4.jar;C:\bin\.m2\repository\org\reactivestreams\reactive-streams\1.0.3\reactive-streams-1.0.3.jar;C:\bin\.m2\repository\org\freemarker\freemarker\2.3.30\freemarker-2.3.30.jar;C:\bin\.m2\repository\org\projectlombok\lombok\1.18.12\lombok-1.18.12.jar;"/>
    <property name="sun.cpu.endian" value="little"/>
    <property name="user.home" value="C:\Users\mrao2"/>
    <property name="user.language" value="en"/>
    <property name="java.specification.vendor" value="Oracle Corporation"/>
    <property name="java.home" value="C:\Program Files\Java\jdk1.8.0_161\jre"/>
    <property name="basedir" value="C:\Selenium\MobileTesting"/>
    <property name="file.separator" value="\"/>
    <property name="line.separator" value="&#10;"/>
    <property name="java.vm.specification.vendor" value="Oracle Corporation"/>
    <property name="java.specification.name" value="Java Platform API Specification"/>
    <property name="java.awt.graphicsenv" value="sun.awt.Win32GraphicsEnvironment"/>
    <property name="TestFile" value="testsuite.xml"/>
    <property name="surefire.real.class.path" value="C:\Users\mrao2\AppData\Local\Temp\surefire4281956229920646802\surefirebooter7571355788076267778.jar"/>
    <property name="sun.boot.class.path" value="C:\Program Files\Java\jdk1.8.0_161\jre\lib\resources.jar;C:\Program Files\Java\jdk1.8.0_161\jre\lib\rt.jar;C:\Program Files\Java\jdk1.8.0_161\jre\lib\sunrsasign.jar;C:\Program Files\Java\jdk1.8.0_161\jre\lib\jsse.jar;C:\Program Files\Java\jdk1.8.0_161\jre\lib\jce.jar;C:\Program Files\Java\jdk1.8.0_161\jre\lib\charsets.jar;C:\Program Files\Java\jdk1.8.0_161\jre\lib\jfr.jar;C:\Program Files\Java\jdk1.8.0_161\jre\classes"/>
    <property name="user.script" value=""/>
    <property name="sun.management.compiler" value="HotSpot 64-Bit Tiered Compilers"/>
    <property name="java.runtime.version" value="1.8.0_161-b12"/>
    <property name="user.name" value="mrao2"/>
    <property name="path.separator" value=";"/>
    <property name="os.version" value="10.0"/>
    <property name="java.endorsed.dirs" value="C:\Program Files\Java\jdk1.8.0_161\jre\lib\endorsed"/>
    <property name="java.runtime.name" value="Java(TM) SE Runtime Environment"/>
    <property name="file.encoding" value="Cp1252"/>
    <property name="java.vm.name" value="Java HotSpot(TM) 64-Bit Server VM"/>
    <property name="localRepository" value="C:\bin\.m2\repository"/>
    <property name="java.vendor.url.bug" value="http://bugreport.sun.com/bugreport/"/>
    <property name="java.io.tmpdir" value="C:\Users\mrao2\AppData\Local\Temp\"/>
    <property name="idea.version" value="2020.3.4"/>
    <property name="java.version" value="1.8.0_161"/>
    <property name="user.dir" value="C:\Selenium\MobileTesting"/>
    <property name="os.arch" value="amd64"/>
    <property name="java.vm.specification.name" value="Java Virtual Machine Specification"/>
    <property name="java.awt.printerjob" value="sun.awt.windows.WPrinterJob"/>
    <property name="sun.os.patch.level" value=""/>
    <property name="java.library.path" value="C:\Program Files\Java\jdk1.8.0_161\jre\bin;C:\WINDOWS\Sun\Java\bin;C:\WINDOWS\system32;C:\WINDOWS;C:\Python310\Scripts\;C:\Python310\;C:\ProgramData\Oracle\Java\javapath;C:\Program Files\Common Files\Oracle\Java\javapath;C:\Windows\system32;C:\Windows;C:\Windows\System32\Wbem;C:\Windows\System32\WindowsPowerShell\v1.0\;C:\Windows\System32\OpenSSH\;C:\Program Files (x86)\NVIDIA Corporation\PhysX\Common;C:\Program Files\NVIDIA Corporation\NVIDIA NvDLISR;C:\WINDOWS\system32;C:\WINDOWS;C:\WINDOWS\System32\Wbem;C:\WINDOWS\System32\WindowsPowerShell\v1.0\;C:\WINDOWS\System32\OpenSSH\;%JAVA_HOME%\bin;C:\bin\apache-maven-3.8.1\bin;C:\bin\apache-maven-3.8.1\bin;C:\Program Files\Git\cmd;C:\apache-jmeter-5.4.3\bin;C:\Users\mrao2\AppData\Local\Android\Sdk\tools;C:\Users\mrao2\AppData\Local\Android\Sdk\platform-tools;C:\Users\mrao2\AppData\Local\Android\Sdk\build-tools;;C:\Program Files\Docker\Docker\resources\bin;C:\ProgramData\DockerDesktop\version-bin;C:\Program Files\nodejs\;C:\ProgramData\chocolatey\bin;C:\Users\mrao2\AppData\Local\Microsoft\WindowsApps;C:\Program Files\JetBrains\PyCharm Community Edition 2021.2.3\bin;;;C:\Program Files\JetBrains\IntelliJ IDEA Community Edition 2020.3.4\bin;;C:\Users\mrao2\AppData\Roaming\npm;."/>
    <property name="java.vm.info" value="mixed mode"/>
    <property name="java.vendor" value="Oracle Corporation"/>
    <property name="java.vm.version" value="25.161-b12"/>
    <property name="java.ext.dirs" value="C:\Program Files\Java\jdk1.8.0_161\jre\lib\ext;C:\WINDOWS\Sun\Java\lib\ext"/>
    <property name="sun.io.unicode.encoding" value="UnicodeLittle"/>
    <property name="maven.repo.local" value="C:\bin\.m2\repository"/>
    <property name="java.class.version" value="52.0"/>
  </properties>
  <testcase name="addItemToShoppingBagProceedCheckout" classname="Tests.ProjectTests" time="105.911"/>
</testsuite>